<?xml version="1.0" encoding="UTF-8"?>
<!-- Generated by org.testng.reporters.JUnitReportReporter -->
<testsuite hostname="MAVBCP3255" failures="0" tests="2" name="seleniumproject.CrossBrowserScript" time="150.202" errors="0" timestamp="2021-09-27T13:50:01 IST" skipped="0">
  <testcase classname="seleniumproject.CrossBrowserScript" name="testParameterWithXML" time="78.259"/>
  <system-out/>
  <testcase classname="seleniumproject.CrossBrowserScript" name="testParameterWithXML" time="71.943"/>
  <system-out/>
</testsuite> <!-- seleniumproject.CrossBrowserScript -->
