<?xml version="1.0" encoding="UTF-8"?>
<!-- Generated by org.testng.reporters.JUnitReportReporter -->
<testsuite hostname="MAVBCP3255" failures="0" tests="2" name="seleniumproject.RecorderScripts" time="45.849" errors="0" timestamp="2021-09-28T12:53:19 IST" skipped="0">
  <testcase classname="seleniumproject.RecorderScripts" name="testParameterWithXML" time="21.299"/>
  <system-out/>
  <testcase classname="seleniumproject.RecorderScripts" name="testParameterWithXML" time="24.550"/>
  <system-out/>
</testsuite> <!-- seleniumproject.RecorderScripts -->
