<?xml version="1.0" encoding="UTF-8"?>
<!-- Generated by org.testng.reporters.JUnitReportReporter -->
<testsuite hostname="MAVBCP3255" failures="0" tests="1" name="seleniumproject.Sample" time="14.712" errors="0" timestamp="2021-09-22T20:46:28 IST" skipped="0">
  <testcase classname="seleniumproject.Sample" name="mavsel" time="14.712"/>
  <system-out/>
</testsuite> <!-- seleniumproject.Sample -->
