<?xml version="1.0" encoding="UTF-8"?>
<!-- Generated by org.testng.reporters.JUnitReportReporter -->
<testsuite hostname="MAVBCP3255" failures="0" tests="2" name="seleniumproject.CrossBrowsersScript$CrossBrowserScript" time="33.896" errors="0" timestamp="2021-09-23T11:40:16 IST" skipped="0">
  <testcase classname="seleniumproject.CrossBrowsersScript$CrossBrowserScript" name="testParameterWithXML" time="16.144"/>
  <system-out/>
  <testcase classname="seleniumproject.CrossBrowsersScript$CrossBrowserScript" name="testParameterWithXML" time="17.752"/>
  <system-out/>
</testsuite> <!-- seleniumproject.CrossBrowsersScript$CrossBrowserScript -->
