<?xml version="1.0" encoding="UTF-8"?>
<!-- Generated by org.testng.reporters.JUnitReportReporter -->
<testsuite skipped="0" hostname="MAVBCP3255" name="seleniumproject.Sample" tests="1" failures="0" timestamp="2021-09-29T11:42:49 IST" time="17.422" errors="0">
  <testcase name="mavsel" time="17.422" classname="seleniumproject.Sample"/>
  <system-out/>
</testsuite> <!-- seleniumproject.Sample -->
